<?xml version="1.0" encoding="UTF-8"?>
<testng-results ignored="0" total="2" passed="2" failed="0" skipped="0">
  <reporter-output>
  </reporter-output>
  <suite started-at="2025-07-28T09:20:44 PDT" name="TestNgSuite" finished-at="2025-07-28T09:20:56 PDT" duration-ms="11846">
    <groups>
    </groups>
    <test started-at="2025-07-28T09:20:44 PDT" name="Chrome browser test" finished-at="2025-07-28T09:20:56 PDT" duration-ms="11846">
      <class name="testScipts.LoginTest">
        <test-method is-config="true" signature="setup()[pri:0, instance:testScipts.LoginTest@50fe837a]" started-at="2025-07-28T09:20:44 PDT" name="setup" finished-at="2025-07-28T09:20:44 PDT" duration-ms="332" status="PASS">
          <reporter-output>
          </reporter-output>
        </test-method> <!-- setup -->
        <test-method is-config="true" signature="setUpDriverAndTest(java.lang.reflect.Method,java.lang.String,boolean)[pri:0, instance:testScipts.LoginTest@50fe837a]" started-at="2025-07-28T09:20:44 PDT" name="setUpDriverAndTest" finished-at="2025-07-28T09:20:47 PDT" duration-ms="2970" status="PASS">
          <params>
            <param index="0">
              <value>
                <![CDATA[public void testScipts.LoginTest.loginTest1() throws org.apache.poi.openxml4j.exceptions.InvalidFormatException,java.io.IOException]]>
              </value>
            </param>
            <param index="1">
              <value>
                <![CDATA[chrome]]>
              </value>
            </param>
            <param index="2">
              <value>
                <![CDATA[false]]>
              </value>
            </param>
          </params>
          <reporter-output>
          </reporter-output>
        </test-method> <!-- setUpDriverAndTest -->
        <test-method signature="loginTest1()[pri:0, instance:testScipts.LoginTest@50fe837a]" started-at="2025-07-28T09:20:47 PDT" name="loginTest1" finished-at="2025-07-28T09:20:53 PDT" duration-ms="5111" status="PASS">
          <reporter-output>
          </reporter-output>
        </test-method> <!-- loginTest1 -->
        <test-method is-config="true" signature="tearDownDriver()[pri:0, instance:testScipts.LoginTest@50fe837a]" started-at="2025-07-28T09:20:53 PDT" name="tearDownDriver" finished-at="2025-07-28T09:20:54 PDT" duration-ms="451" status="PASS">
          <reporter-output>
          </reporter-output>
        </test-method> <!-- tearDownDriver -->
        <test-method is-config="true" signature="flushReport()[pri:0, instance:testScipts.LoginTest@50fe837a]" started-at="2025-07-28T09:20:57 PDT" name="flushReport" finished-at="2025-07-28T09:20:57 PDT" duration-ms="21" status="PASS">
          <reporter-output>
          </reporter-output>
        </test-method> <!-- flushReport -->
      </class> <!-- testScipts.LoginTest -->
      <class name="testScipts.CreateUserTest">
        <test-method is-config="true" signature="setUpDriverAndTest(java.lang.reflect.Method,java.lang.String,boolean)[pri:0, instance:testScipts.CreateUserTest@1623134f]" started-at="2025-07-28T09:20:44 PDT" name="setUpDriverAndTest" finished-at="2025-07-28T09:20:47 PDT" duration-ms="2970" status="PASS">
          <params>
            <param index="0">
              <value>
                <![CDATA[public void testScipts.CreateUserTest.createuserTC1() throws org.apache.poi.openxml4j.exceptions.InvalidFormatException,java.io.IOException]]>
              </value>
            </param>
            <param index="1">
              <value>
                <![CDATA[chrome]]>
              </value>
            </param>
            <param index="2">
              <value>
                <![CDATA[false]]>
              </value>
            </param>
          </params>
          <reporter-output>
          </reporter-output>
        </test-method> <!-- setUpDriverAndTest -->
        <test-method is-config="true" signature="navigateToHome()[pri:0, instance:testScipts.CreateUserTest@1623134f]" started-at="2025-07-28T09:20:47 PDT" name="navigateToHome" finished-at="2025-07-28T09:20:52 PDT" duration-ms="4998" status="PASS">
          <reporter-output>
          </reporter-output>
        </test-method> <!-- navigateToHome -->
        <test-method signature="createuserTC1()[pri:0, instance:testScipts.CreateUserTest@1623134f]" started-at="2025-07-28T09:20:52 PDT" name="createuserTC1" description="Creating User using Valid mandatory field&#039;s values" finished-at="2025-07-28T09:20:56 PDT" duration-ms="3161" status="PASS">
          <reporter-output>
          </reporter-output>
        </test-method> <!-- createuserTC1 -->
        <test-method is-config="true" signature="tearDownDriver()[pri:0, instance:testScipts.CreateUserTest@1623134f]" started-at="2025-07-28T09:20:56 PDT" name="tearDownDriver" finished-at="2025-07-28T09:20:56 PDT" duration-ms="379" status="PASS">
          <reporter-output>
          </reporter-output>
        </test-method> <!-- tearDownDriver -->
      </class> <!-- testScipts.CreateUserTest -->
    </test> <!-- Chrome browser test -->
  </suite> <!-- TestNgSuite -->
</testng-results>
