<?xml version="1.0" encoding="UTF-8"?>
<!-- Generated by org.testng.reporters.JUnitXMLReporter -->
<testsuite ignored="2" hostname="Sheetal" failures="0" tests="3" name="Chrome browser test" time="10.432" errors="0" timestamp="2025-07-31T08:05:11 PDT">
  <testcase classname="testScipts.CreateUserTest" name="createuserTCBUsername" time="2.824"/>
  <testcase classname="testScipts.CreateUserTest" name="createuserTCBPassword" time="2.179"/>
  <testcase classname="testScipts.CreateUserTest" name="createuserTCBEmail" time="2.183"/>
  <testcase classname="testScipts.BaseTest" name="@AfterSuite flushReport" time="0.0">
    <ignored/>
  </testcase> <!-- @AfterSuite flushReport -->
  <testcase classname="testScipts.BaseTest" name="@BeforeSuite setup" time="0.0">
    <ignored/>
  </testcase> <!-- @BeforeSuite setup -->
</testsuite> <!-- Chrome browser test -->
