<?xml version="1.0" encoding="UTF-8"?>
<!-- Generated by org.testng.reporters.JUnitXMLReporter -->
<testsuite ignored="2" hostname="Sheetal" failures="0" tests="5" name="Chrome browser test" time="43.124" errors="0" timestamp="2025-07-31T16:46:48 PDT">
  <testcase classname="testScipts.CreateUserTest" name="testValidEmailValidation" time="2.746"/>
  <testcase classname="testScipts.CreateUserTest" name="testValidEmailValidation" time="1.533"/>
  <testcase classname="testScipts.CreateUserTest" name="testValidEmailValidation" time="1.665"/>
  <testcase classname="testScipts.CreateUserTest" name="testValidEmailValidation" time="1.573"/>
  <testcase classname="testScipts.CreateUserTest" name="testValidEmailValidation" time="1.68"/>
  <testcase classname="testScipts.BaseTest" name="@BeforeSuite setup" time="0.0">
    <ignored/>
  </testcase> <!-- @BeforeSuite setup -->
  <testcase classname="testScipts.BaseTest" name="@AfterSuite flushReport" time="0.0">
    <ignored/>
  </testcase> <!-- @AfterSuite flushReport -->
</testsuite> <!-- Chrome browser test -->
